<?xml version="1.0" encoding="UTF-8"?>
<!-- Generated by org.testng.reporters.JUnitReportReporter -->
<testsuite hostname="BAKI" failures="0" tests="2" name="org.alltestng.SuitLevelClass" time="4.719" errors="0" timestamp="05 Oct 2024 15:38:14 GMT" skipped="0">
  <testcase classname="org.alltestng.SuitLevelClass" name="tc1" time="4.630"/>
  <testcase classname="org.alltestng.SuitLevelClass" name="tc2" time="0.089"/>
</testsuite> <!-- org.alltestng.SuitLevelClass -->
