<?xml version="1.0" encoding="UTF-8"?>
<!-- Generated by org.testng.reporters.JUnitReportReporter -->
<testsuite hostname="BAKI" failures="0" tests="2" name="org.alltestng.AllTestNG" time="7.689" errors="0" timestamp="05 Oct 2024 19:16:15 GMT" skipped="0">
  <testcase classname="org.alltestng.AllTestNG" name="tc1" time="7.303"/>
  <testcase classname="org.alltestng.AllTestNG" name="tc2" time="0.386"/>
</testsuite> <!-- org.alltestng.AllTestNG -->
